[0.014s] Invoking command in '/home/kunal-jazzy/ros2_four/build/four_wheel_description': CMAKE_PREFIX_PATH=${CMAKE_PREFIX_PATH}:/opt/ros/jazzy DEBUGINFOD_URLS=https://debuginfod.ubuntu.com /usr/bin/cmake --build /home/kunal-jazzy/ros2_four/build/four_wheel_description -- -j12 -l12
[0.071s] Invoked command in '/home/kunal-jazzy/ros2_four/build/four_wheel_description' returned '0': CMAKE_PREFIX_PATH=${CMAKE_PREFIX_PATH}:/opt/ros/jazzy DEBUGINFOD_URLS=https://debuginfod.ubuntu.com /usr/bin/cmake --build /home/kunal-jazzy/ros2_four/build/four_wheel_description -- -j12 -l12
[0.086s] Invoking command in '/home/kunal-jazzy/ros2_four/build/four_wheel_description': CMAKE_PREFIX_PATH=${CMAKE_PREFIX_PATH}:/opt/ros/jazzy DEBUGINFOD_URLS=https://debuginfod.ubuntu.com /usr/bin/cmake --install /home/kunal-jazzy/ros2_four/build/four_wheel_description
[0.099s] -- Install configuration: ""
[0.099s] -- Up-to-date: /home/kunal-jazzy/ros2_four/install/four_wheel_description/share/four_wheel_description/launch
[0.099s] -- Up-to-date: /home/kunal-jazzy/ros2_four/install/four_wheel_description/share/four_wheel_description/launch/rover.launch.py
[0.099s] -- Up-to-date: /home/kunal-jazzy/ros2_four/install/four_wheel_description/share/four_wheel_description/model
[0.099s] -- Installing: /home/kunal-jazzy/ros2_four/install/four_wheel_description/share/four_wheel_description/model/four_rover_main.xacro
[0.099s] -- Up-to-date: /home/kunal-jazzy/ros2_four/install/four_wheel_description/share/four_wheel_description/model/four_rover_main.gazebo.xacro
[0.100s] -- Up-to-date: /home/kunal-jazzy/ros2_four/install/four_wheel_description/share/four_wheel_description/parameters
[0.100s] -- Up-to-date: /home/kunal-jazzy/ros2_four/install/four_wheel_description/share/four_wheel_description/parameters/bridge_parameters.yaml
[0.100s] -- Up-to-date: /home/kunal-jazzy/ros2_four/install/four_wheel_description/share/ament_index/resource_index/package_run_dependencies/four_wheel_description
[0.100s] -- Up-to-date: /home/kunal-jazzy/ros2_four/install/four_wheel_description/share/ament_index/resource_index/parent_prefix_path/four_wheel_description
[0.100s] -- Up-to-date: /home/kunal-jazzy/ros2_four/install/four_wheel_description/share/four_wheel_description/environment/ament_prefix_path.sh
[0.100s] -- Up-to-date: /home/kunal-jazzy/ros2_four/install/four_wheel_description/share/four_wheel_description/environment/ament_prefix_path.dsv
[0.100s] -- Up-to-date: /home/kunal-jazzy/ros2_four/install/four_wheel_description/share/four_wheel_description/environment/path.sh
[0.100s] -- Up-to-date: /home/kunal-jazzy/ros2_four/install/four_wheel_description/share/four_wheel_description/environment/path.dsv
[0.100s] -- Up-to-date: /home/kunal-jazzy/ros2_four/install/four_wheel_description/share/four_wheel_description/local_setup.bash
[0.100s] -- Up-to-date: /home/kunal-jazzy/ros2_four/install/four_wheel_description/share/four_wheel_description/local_setup.sh
[0.100s] -- Up-to-date: /home/kunal-jazzy/ros2_four/install/four_wheel_description/share/four_wheel_description/local_setup.zsh
[0.101s] -- Up-to-date: /home/kunal-jazzy/ros2_four/install/four_wheel_description/share/four_wheel_description/local_setup.dsv
[0.101s] -- Installing: /home/kunal-jazzy/ros2_four/install/four_wheel_description/share/four_wheel_description/package.dsv
[0.101s] -- Up-to-date: /home/kunal-jazzy/ros2_four/install/four_wheel_description/share/ament_index/resource_index/packages/four_wheel_description
[0.101s] -- Up-to-date: /home/kunal-jazzy/ros2_four/install/four_wheel_description/share/four_wheel_description/cmake/four_wheel_descriptionConfig.cmake
[0.101s] -- Up-to-date: /home/kunal-jazzy/ros2_four/install/four_wheel_description/share/four_wheel_description/cmake/four_wheel_descriptionConfig-version.cmake
[0.101s] -- Up-to-date: /home/kunal-jazzy/ros2_four/install/four_wheel_description/share/four_wheel_description/package.xml
[0.103s] Invoked command in '/home/kunal-jazzy/ros2_four/build/four_wheel_description' returned '0': CMAKE_PREFIX_PATH=${CMAKE_PREFIX_PATH}:/opt/ros/jazzy DEBUGINFOD_URLS=https://debuginfod.ubuntu.com /usr/bin/cmake --install /home/kunal-jazzy/ros2_four/build/four_wheel_description
