-- Install configuration: ""
-- Up-to-date: /home/kunal-jazzy/ros2_four/install/four_wheel_description/share/four_wheel_description/launch
-- Up-to-date: /home/kunal-jazzy/ros2_four/install/four_wheel_description/share/four_wheel_description/launch/rover.launch.py
-- Up-to-date: /home/kunal-jazzy/ros2_four/install/four_wheel_description/share/four_wheel_description/model
-- Installing: /home/kunal-jazzy/ros2_four/install/four_wheel_description/share/four_wheel_description/model/four_rover_main.xacro
-- Up-to-date: /home/kunal-jazzy/ros2_four/install/four_wheel_description/share/four_wheel_description/model/parts
-- Up-to-date: /home/kunal-jazzy/ros2_four/install/four_wheel_description/share/four_wheel_description/model/parts/wheels
-- Installing: /home/kunal-jazzy/ros2_four/install/four_wheel_description/share/four_wheel_description/model/parts/wheels/wheels.xacro
-- Installing: /home/kunal-jazzy/ros2_four/install/four_wheel_description/share/four_wheel_description/model/parts/wheels/wheels.gazebo.xacro
-- Up-to-date: /home/kunal-jazzy/ros2_four/install/four_wheel_description/share/four_wheel_description/model/parts/base
-- Installing: /home/kunal-jazzy/ros2_four/install/four_wheel_description/share/four_wheel_description/model/parts/base/base_link.xacro
-- Installing: /home/kunal-jazzy/ros2_four/install/four_wheel_description/share/four_wheel_description/model/parts/base/base_link.gazebo.xacro
-- Up-to-date: /home/kunal-jazzy/ros2_four/install/four_wheel_description/share/four_wheel_description/model/parts/lidar
-- Up-to-date: /home/kunal-jazzy/ros2_four/install/four_wheel_description/share/four_wheel_description/model/parts/lidar/lidar.xacro
-- Up-to-date: /home/kunal-jazzy/ros2_four/install/four_wheel_description/share/four_wheel_description/model/parts/lidar/lidar.gazebo.xacro
-- Up-to-date: /home/kunal-jazzy/ros2_four/install/four_wheel_description/share/four_wheel_description/model/parts/camera
-- Up-to-date: /home/kunal-jazzy/ros2_four/install/four_wheel_description/share/four_wheel_description/model/parts/camera/camera.gazebo.xacro
-- Installing: /home/kunal-jazzy/ros2_four/install/four_wheel_description/share/four_wheel_description/model/parts/camera/camera.xacro
-- Installing: /home/kunal-jazzy/ros2_four/install/four_wheel_description/share/four_wheel_description/model/four_rover_main.gazebo.xacro
-- Up-to-date: /home/kunal-jazzy/ros2_four/install/four_wheel_description/share/four_wheel_description/parameters
-- Up-to-date: /home/kunal-jazzy/ros2_four/install/four_wheel_description/share/four_wheel_description/parameters/bridge_parameters.yaml
-- Up-to-date: /home/kunal-jazzy/ros2_four/install/four_wheel_description/share/ament_index/resource_index/package_run_dependencies/four_wheel_description
-- Up-to-date: /home/kunal-jazzy/ros2_four/install/four_wheel_description/share/ament_index/resource_index/parent_prefix_path/four_wheel_description
-- Up-to-date: /home/kunal-jazzy/ros2_four/install/four_wheel_description/share/four_wheel_description/environment/ament_prefix_path.sh
-- Up-to-date: /home/kunal-jazzy/ros2_four/install/four_wheel_description/share/four_wheel_description/environment/ament_prefix_path.dsv
-- Up-to-date: /home/kunal-jazzy/ros2_four/install/four_wheel_description/share/four_wheel_description/environment/path.sh
-- Up-to-date: /home/kunal-jazzy/ros2_four/install/four_wheel_description/share/four_wheel_description/environment/path.dsv
-- Up-to-date: /home/kunal-jazzy/ros2_four/install/four_wheel_description/share/four_wheel_description/local_setup.bash
-- Up-to-date: /home/kunal-jazzy/ros2_four/install/four_wheel_description/share/four_wheel_description/local_setup.sh
-- Up-to-date: /home/kunal-jazzy/ros2_four/install/four_wheel_description/share/four_wheel_description/local_setup.zsh
-- Up-to-date: /home/kunal-jazzy/ros2_four/install/four_wheel_description/share/four_wheel_description/local_setup.dsv
-- Installing: /home/kunal-jazzy/ros2_four/install/four_wheel_description/share/four_wheel_description/package.dsv
-- Up-to-date: /home/kunal-jazzy/ros2_four/install/four_wheel_description/share/ament_index/resource_index/packages/four_wheel_description
-- Up-to-date: /home/kunal-jazzy/ros2_four/install/four_wheel_description/share/four_wheel_description/cmake/four_wheel_descriptionConfig.cmake
-- Up-to-date: /home/kunal-jazzy/ros2_four/install/four_wheel_description/share/four_wheel_description/cmake/four_wheel_descriptionConfig-version.cmake
-- Up-to-date: /home/kunal-jazzy/ros2_four/install/four_wheel_description/share/four_wheel_description/package.xml
