running egg_info
creating ../../build/four_control/four_control.egg-info
writing ../../build/four_control/four_control.egg-info/PKG-INFO
writing dependency_links to ../../build/four_control/four_control.egg-info/dependency_links.txt
writing requirements to ../../build/four_control/four_control.egg-info/requires.txt
writing top-level names to ../../build/four_control/four_control.egg-info/top_level.txt
writing manifest file '../../build/four_control/four_control.egg-info/SOURCES.txt'
reading manifest file '../../build/four_control/four_control.egg-info/SOURCES.txt'
writing manifest file '../../build/four_control/four_control.egg-info/SOURCES.txt'
running build
running build_py
creating /home/kunal-jazzy/ros2_four/build/four_control/build
creating /home/kunal-jazzy/ros2_four/build/four_control/build/lib
creating /home/kunal-jazzy/ros2_four/build/four_control/build/lib/four_control
copying four_control/__init__.py -> /home/kunal-jazzy/ros2_four/build/four_control/build/lib/four_control
running install
running install_lib
creating /home/kunal-jazzy/ros2_four/install/four_control/lib/python3.12/site-packages/four_control
copying /home/kunal-jazzy/ros2_four/build/four_control/build/lib/four_control/__init__.py -> /home/kunal-jazzy/ros2_four/install/four_control/lib/python3.12/site-packages/four_control
byte-compiling /home/kunal-jazzy/ros2_four/install/four_control/lib/python3.12/site-packages/four_control/__init__.py to __init__.cpython-312.pyc
running install_data
creating /home/kunal-jazzy/ros2_four/install/four_control/share/ament_index
creating /home/kunal-jazzy/ros2_four/install/four_control/share/ament_index/resource_index
creating /home/kunal-jazzy/ros2_four/install/four_control/share/ament_index/resource_index/packages
copying resource/four_control -> /home/kunal-jazzy/ros2_four/install/four_control/share/ament_index/resource_index/packages
copying package.xml -> /home/kunal-jazzy/ros2_four/install/four_control/share/four_control
running install_egg_info
Copying ../../build/four_control/four_control.egg-info to /home/kunal-jazzy/ros2_four/install/four_control/lib/python3.12/site-packages/four_control-0.0.0-py3.12.egg-info
running install_scripts
writing list of installed files to '/home/kunal-jazzy/ros2_four/build/four_control/install.log'
