[0.079s] DEBUG:colcon:Command line arguments: ['/usr/bin/colcon', 'build']
[0.079s] DEBUG:colcon:Parsed command line arguments: Namespace(log_base=None, log_level=None, verb_name='build', build_base='build', install_base='install', merge_install=False, symlink_install=False, test_result_base=None, continue_on_error=False, executor='parallel', parallel_workers=12, event_handlers=None, ignore_user_meta=False, metas=['./colcon.meta'], base_paths=['.'], packages_ignore=None, packages_ignore_regex=None, paths=None, packages_up_to=None, packages_up_to_regex=None, packages_above=None, packages_above_and_dependencies=None, packages_above_depth=None, packages_select_by_dep=None, packages_skip_by_dep=None, packages_skip_up_to=None, packages_select_build_failed=False, packages_skip_build_finished=False, packages_select_test_failures=False, packages_skip_test_passed=False, packages_select=None, packages_skip=None, packages_select_regex=None, packages_skip_regex=None, packages_start=None, packages_end=None, allow_overriding=[], cmake_args=None, cmake_target=None, cmake_target_skip_unavailable=False, cmake_clean_cache=False, cmake_clean_first=False, cmake_force_configure=False, ament_cmake_args=None, catkin_cmake_args=None, catkin_skip_building_tests=False, mixin_files=None, mixin=None, verb_parser=<colcon_mixin.mixin.mixin_argument.MixinArgumentDecorator object at 0x7051e64aab40>, verb_extension=<colcon_core.verb.build.BuildVerb object at 0x7051e64aa810>, main=<bound method BuildVerb.main of <colcon_core.verb.build.BuildVerb object at 0x7051e64aa810>>, mixin_verb=('build',))
[0.105s] Level 1:colcon.colcon_core.package_discovery:discover_packages(colcon_meta) check parameters
[0.105s] Level 1:colcon.colcon_core.package_discovery:discover_packages(recursive) check parameters
[0.106s] Level 1:colcon.colcon_core.package_discovery:discover_packages(ignore) check parameters
[0.106s] Level 1:colcon.colcon_core.package_discovery:discover_packages(path) check parameters
[0.106s] Level 1:colcon.colcon_core.package_discovery:discover_packages(colcon_meta) discover
[0.106s] Level 1:colcon.colcon_core.package_discovery:discover_packages(recursive) discover
[0.106s] INFO:colcon.colcon_core.package_discovery:Crawling recursively for packages in '/home/kunal-jazzy/ros2_four'
[0.106s] Level 1:colcon.colcon_core.package_identification:_identify(.) by extensions ['ignore', 'ignore_ament_install']
[0.106s] Level 1:colcon.colcon_core.package_identification:_identify(.) by extension 'ignore'
[0.106s] Level 1:colcon.colcon_core.package_identification:_identify(.) by extension 'ignore_ament_install'
[0.106s] Level 1:colcon.colcon_core.package_identification:_identify(.) by extensions ['colcon_pkg']
[0.106s] Level 1:colcon.colcon_core.package_identification:_identify(.) by extension 'colcon_pkg'
[0.106s] Level 1:colcon.colcon_core.package_identification:_identify(.) by extensions ['colcon_meta']
[0.106s] Level 1:colcon.colcon_core.package_identification:_identify(.) by extension 'colcon_meta'
[0.106s] Level 1:colcon.colcon_core.package_identification:_identify(.) by extensions ['ros']
[0.106s] Level 1:colcon.colcon_core.package_identification:_identify(.) by extension 'ros'
[0.124s] Level 1:colcon.colcon_core.package_identification:_identify(.) by extensions ['cmake', 'python']
[0.124s] Level 1:colcon.colcon_core.package_identification:_identify(.) by extension 'cmake'
[0.124s] Level 1:colcon.colcon_core.package_identification:_identify(.) by extension 'python'
[0.124s] Level 1:colcon.colcon_core.package_identification:_identify(.) by extensions ['python_setup_py']
[0.124s] Level 1:colcon.colcon_core.package_identification:_identify(.) by extension 'python_setup_py'
[0.124s] Level 1:colcon.colcon_core.package_identification:_identify(build) by extensions ['ignore', 'ignore_ament_install']
[0.125s] Level 1:colcon.colcon_core.package_identification:_identify(build) by extension 'ignore'
[0.125s] Level 1:colcon.colcon_core.package_identification:_identify(build) ignored
[0.126s] Level 1:colcon.colcon_core.package_identification:_identify(install) by extensions ['ignore', 'ignore_ament_install']
[0.126s] Level 1:colcon.colcon_core.package_identification:_identify(install) by extension 'ignore'
[0.126s] Level 1:colcon.colcon_core.package_identification:_identify(install) ignored
[0.126s] Level 1:colcon.colcon_core.package_identification:_identify(log) by extensions ['ignore', 'ignore_ament_install']
[0.126s] Level 1:colcon.colcon_core.package_identification:_identify(log) by extension 'ignore'
[0.126s] Level 1:colcon.colcon_core.package_identification:_identify(log) ignored
[0.126s] Level 1:colcon.colcon_core.package_identification:_identify(src) by extensions ['ignore', 'ignore_ament_install']
[0.126s] Level 1:colcon.colcon_core.package_identification:_identify(src) by extension 'ignore'
[0.126s] Level 1:colcon.colcon_core.package_identification:_identify(src) by extension 'ignore_ament_install'
[0.126s] Level 1:colcon.colcon_core.package_identification:_identify(src) by extensions ['colcon_pkg']
[0.126s] Level 1:colcon.colcon_core.package_identification:_identify(src) by extension 'colcon_pkg'
[0.126s] Level 1:colcon.colcon_core.package_identification:_identify(src) by extensions ['colcon_meta']
[0.126s] Level 1:colcon.colcon_core.package_identification:_identify(src) by extension 'colcon_meta'
[0.126s] Level 1:colcon.colcon_core.package_identification:_identify(src) by extensions ['ros']
[0.126s] Level 1:colcon.colcon_core.package_identification:_identify(src) by extension 'ros'
[0.126s] Level 1:colcon.colcon_core.package_identification:_identify(src) by extensions ['cmake', 'python']
[0.126s] Level 1:colcon.colcon_core.package_identification:_identify(src) by extension 'cmake'
[0.126s] Level 1:colcon.colcon_core.package_identification:_identify(src) by extension 'python'
[0.126s] Level 1:colcon.colcon_core.package_identification:_identify(src) by extensions ['python_setup_py']
[0.126s] Level 1:colcon.colcon_core.package_identification:_identify(src) by extension 'python_setup_py'
[0.126s] Level 1:colcon.colcon_core.package_identification:_identify(src/four_control) by extensions ['ignore', 'ignore_ament_install']
[0.126s] Level 1:colcon.colcon_core.package_identification:_identify(src/four_control) by extension 'ignore'
[0.126s] Level 1:colcon.colcon_core.package_identification:_identify(src/four_control) by extension 'ignore_ament_install'
[0.126s] Level 1:colcon.colcon_core.package_identification:_identify(src/four_control) by extensions ['colcon_pkg']
[0.126s] Level 1:colcon.colcon_core.package_identification:_identify(src/four_control) by extension 'colcon_pkg'
[0.126s] Level 1:colcon.colcon_core.package_identification:_identify(src/four_control) by extensions ['colcon_meta']
[0.126s] Level 1:colcon.colcon_core.package_identification:_identify(src/four_control) by extension 'colcon_meta'
[0.126s] Level 1:colcon.colcon_core.package_identification:_identify(src/four_control) by extensions ['ros']
[0.126s] Level 1:colcon.colcon_core.package_identification:_identify(src/four_control) by extension 'ros'
[0.128s] DEBUG:colcon.colcon_core.package_identification:Package 'src/four_control' with type 'ros.ament_python' and name 'four_control'
[0.128s] Level 1:colcon.colcon_core.package_identification:_identify(src/four_wheel_description) by extensions ['ignore', 'ignore_ament_install']
[0.128s] Level 1:colcon.colcon_core.package_identification:_identify(src/four_wheel_description) by extension 'ignore'
[0.128s] Level 1:colcon.colcon_core.package_identification:_identify(src/four_wheel_description) by extension 'ignore_ament_install'
[0.128s] Level 1:colcon.colcon_core.package_identification:_identify(src/four_wheel_description) by extensions ['colcon_pkg']
[0.128s] Level 1:colcon.colcon_core.package_identification:_identify(src/four_wheel_description) by extension 'colcon_pkg'
[0.128s] Level 1:colcon.colcon_core.package_identification:_identify(src/four_wheel_description) by extensions ['colcon_meta']
[0.128s] Level 1:colcon.colcon_core.package_identification:_identify(src/four_wheel_description) by extension 'colcon_meta'
[0.128s] Level 1:colcon.colcon_core.package_identification:_identify(src/four_wheel_description) by extensions ['ros']
[0.128s] Level 1:colcon.colcon_core.package_identification:_identify(src/four_wheel_description) by extension 'ros'
[0.129s] DEBUG:colcon.colcon_core.package_identification:Package 'src/four_wheel_description' with type 'ros.ament_cmake' and name 'four_wheel_description'
[0.129s] Level 1:colcon.colcon_core.package_discovery:discover_packages(recursive) using defaults
[0.129s] Level 1:colcon.colcon_core.package_discovery:discover_packages(ignore) discover
[0.129s] Level 1:colcon.colcon_core.package_discovery:discover_packages(ignore) using defaults
[0.129s] Level 1:colcon.colcon_core.package_discovery:discover_packages(path) discover
[0.129s] Level 1:colcon.colcon_core.package_discovery:discover_packages(path) using defaults
[0.142s] Level 1:colcon.colcon_core.package_discovery:discover_packages(prefix_path) check parameters
[0.142s] Level 1:colcon.colcon_core.package_discovery:discover_packages(prefix_path) discover
[0.144s] DEBUG:colcon.colcon_installed_package_information.package_discovery:Found 1 installed packages in /home/kunal-jazzy/ros2_four/install
[0.144s] DEBUG:colcon.colcon_installed_package_information.package_discovery:Found 1 installed packages in /home/kunal-jazzy/ros2_vision/install
[0.146s] DEBUG:colcon.colcon_installed_package_information.package_discovery:Found 370 installed packages in /opt/ros/jazzy
[0.147s] Level 1:colcon.colcon_core.package_discovery:discover_packages(prefix_path) using defaults
[0.231s] Level 5:colcon.colcon_core.verb:set package 'four_control' build argument 'cmake_args' from command line to 'None'
[0.231s] Level 5:colcon.colcon_core.verb:set package 'four_control' build argument 'cmake_target' from command line to 'None'
[0.231s] Level 5:colcon.colcon_core.verb:set package 'four_control' build argument 'cmake_target_skip_unavailable' from command line to 'False'
[0.231s] Level 5:colcon.colcon_core.verb:set package 'four_control' build argument 'cmake_clean_cache' from command line to 'False'
[0.231s] Level 5:colcon.colcon_core.verb:set package 'four_control' build argument 'cmake_clean_first' from command line to 'False'
[0.231s] Level 5:colcon.colcon_core.verb:set package 'four_control' build argument 'cmake_force_configure' from command line to 'False'
[0.231s] Level 5:colcon.colcon_core.verb:set package 'four_control' build argument 'ament_cmake_args' from command line to 'None'
[0.231s] Level 5:colcon.colcon_core.verb:set package 'four_control' build argument 'catkin_cmake_args' from command line to 'None'
[0.231s] Level 5:colcon.colcon_core.verb:set package 'four_control' build argument 'catkin_skip_building_tests' from command line to 'False'
[0.231s] DEBUG:colcon.colcon_core.verb:Building package 'four_control' with the following arguments: {'ament_cmake_args': None, 'build_base': '/home/kunal-jazzy/ros2_four/build/four_control', 'catkin_cmake_args': None, 'catkin_skip_building_tests': False, 'cmake_args': None, 'cmake_clean_cache': False, 'cmake_clean_first': False, 'cmake_force_configure': False, 'cmake_target': None, 'cmake_target_skip_unavailable': False, 'install_base': '/home/kunal-jazzy/ros2_four/install/four_control', 'merge_install': False, 'path': '/home/kunal-jazzy/ros2_four/src/four_control', 'symlink_install': False, 'test_result_base': None}
[0.232s] Level 5:colcon.colcon_core.verb:set package 'four_wheel_description' build argument 'cmake_args' from command line to 'None'
[0.232s] Level 5:colcon.colcon_core.verb:set package 'four_wheel_description' build argument 'cmake_target' from command line to 'None'
[0.232s] Level 5:colcon.colcon_core.verb:set package 'four_wheel_description' build argument 'cmake_target_skip_unavailable' from command line to 'False'
[0.232s] Level 5:colcon.colcon_core.verb:set package 'four_wheel_description' build argument 'cmake_clean_cache' from command line to 'False'
[0.232s] Level 5:colcon.colcon_core.verb:set package 'four_wheel_description' build argument 'cmake_clean_first' from command line to 'False'
[0.232s] Level 5:colcon.colcon_core.verb:set package 'four_wheel_description' build argument 'cmake_force_configure' from command line to 'False'
[0.232s] Level 5:colcon.colcon_core.verb:set package 'four_wheel_description' build argument 'ament_cmake_args' from command line to 'None'
[0.232s] Level 5:colcon.colcon_core.verb:set package 'four_wheel_description' build argument 'catkin_cmake_args' from command line to 'None'
[0.232s] Level 5:colcon.colcon_core.verb:set package 'four_wheel_description' build argument 'catkin_skip_building_tests' from command line to 'False'
[0.232s] DEBUG:colcon.colcon_core.verb:Building package 'four_wheel_description' with the following arguments: {'ament_cmake_args': None, 'build_base': '/home/kunal-jazzy/ros2_four/build/four_wheel_description', 'catkin_cmake_args': None, 'catkin_skip_building_tests': False, 'cmake_args': None, 'cmake_clean_cache': False, 'cmake_clean_first': False, 'cmake_force_configure': False, 'cmake_target': None, 'cmake_target_skip_unavailable': False, 'install_base': '/home/kunal-jazzy/ros2_four/install/four_wheel_description', 'merge_install': False, 'path': '/home/kunal-jazzy/ros2_four/src/four_wheel_description', 'symlink_install': False, 'test_result_base': None}
[0.232s] INFO:colcon.colcon_core.executor:Executing jobs using 'parallel' executor
[0.232s] DEBUG:colcon.colcon_parallel_executor.executor.parallel:run_until_complete
[0.233s] INFO:colcon.colcon_ros.task.ament_python.build:Building ROS package in '/home/kunal-jazzy/ros2_four/src/four_control' with build type 'ament_python'
[0.233s] Level 1:colcon.colcon_core.shell:create_environment_hook('four_control', 'ament_prefix_path')
[0.236s] INFO:colcon.colcon_core.plugin_system:Skipping extension 'colcon_core.shell.bat': Not used on non-Windows systems
[0.237s] INFO:colcon.colcon_core.shell:Creating environment hook '/home/kunal-jazzy/ros2_four/install/four_control/share/four_control/hook/ament_prefix_path.ps1'
[0.237s] INFO:colcon.colcon_core.shell:Creating environment descriptor '/home/kunal-jazzy/ros2_four/install/four_control/share/four_control/hook/ament_prefix_path.dsv'
[0.238s] INFO:colcon.colcon_core.shell:Creating environment hook '/home/kunal-jazzy/ros2_four/install/four_control/share/four_control/hook/ament_prefix_path.sh'
[0.238s] INFO:colcon.colcon_core.shell:Skip shell extension 'powershell' for command environment: Not usable outside of PowerShell
[0.238s] DEBUG:colcon.colcon_core.shell:Skip shell extension 'dsv' for command environment
[0.241s] INFO:colcon.colcon_ros.task.ament_cmake.build:Building ROS package in '/home/kunal-jazzy/ros2_four/src/four_wheel_description' with build type 'ament_cmake'
[0.241s] INFO:colcon.colcon_cmake.task.cmake.build:Building CMake package in '/home/kunal-jazzy/ros2_four/src/four_wheel_description'
[0.242s] INFO:colcon.colcon_core.shell:Skip shell extension 'powershell' for command environment: Not usable outside of PowerShell
[0.242s] DEBUG:colcon.colcon_core.shell:Skip shell extension 'dsv' for command environment
[0.397s] INFO:colcon.colcon_core.task.python.build:Building Python package in '/home/kunal-jazzy/ros2_four/src/four_control'
[0.397s] INFO:colcon.colcon_core.shell:Skip shell extension 'powershell' for command environment: Not usable outside of PowerShell
[0.397s] DEBUG:colcon.colcon_core.shell:Skip shell extension 'dsv' for command environment
[0.403s] DEBUG:colcon.colcon_core.event_handler.log_command:Invoking command in '/home/kunal-jazzy/ros2_four/build/four_wheel_description': CMAKE_PREFIX_PATH=${CMAKE_PREFIX_PATH}:/opt/ros/jazzy DEBUGINFOD_URLS=https://debuginfod.ubuntu.com /usr/bin/cmake --build /home/kunal-jazzy/ros2_four/build/four_wheel_description -- -j12 -l12
[0.440s] DEBUG:colcon.colcon_core.event_handler.log_command:Invoked command in '/home/kunal-jazzy/ros2_four/build/four_wheel_description' returned '0': CMAKE_PREFIX_PATH=${CMAKE_PREFIX_PATH}:/opt/ros/jazzy DEBUGINFOD_URLS=https://debuginfod.ubuntu.com /usr/bin/cmake --build /home/kunal-jazzy/ros2_four/build/four_wheel_description -- -j12 -l12
[0.449s] DEBUG:colcon.colcon_core.event_handler.log_command:Invoking command in '/home/kunal-jazzy/ros2_four/build/four_wheel_description': CMAKE_PREFIX_PATH=${CMAKE_PREFIX_PATH}:/opt/ros/jazzy DEBUGINFOD_URLS=https://debuginfod.ubuntu.com /usr/bin/cmake --install /home/kunal-jazzy/ros2_four/build/four_wheel_description
[0.460s] Level 1:colcon.colcon_core.environment:create_environment_scripts_only(four_wheel_description)
[0.460s] DEBUG:colcon.colcon_core.event_handler.log_command:Invoked command in '/home/kunal-jazzy/ros2_four/build/four_wheel_description' returned '0': CMAKE_PREFIX_PATH=${CMAKE_PREFIX_PATH}:/opt/ros/jazzy DEBUGINFOD_URLS=https://debuginfod.ubuntu.com /usr/bin/cmake --install /home/kunal-jazzy/ros2_four/build/four_wheel_description
[0.464s] Level 1:colcon.colcon_core.environment:checking '/home/kunal-jazzy/ros2_four/install/four_wheel_description' for CMake module files
[0.465s] Level 1:colcon.colcon_core.environment:checking '/home/kunal-jazzy/ros2_four/install/four_wheel_description' for CMake config files
[0.465s] Level 1:colcon.colcon_core.shell:create_environment_hook('four_wheel_description', 'cmake_prefix_path')
[0.465s] INFO:colcon.colcon_core.shell:Creating environment hook '/home/kunal-jazzy/ros2_four/install/four_wheel_description/share/four_wheel_description/hook/cmake_prefix_path.ps1'
[0.466s] INFO:colcon.colcon_core.shell:Creating environment descriptor '/home/kunal-jazzy/ros2_four/install/four_wheel_description/share/four_wheel_description/hook/cmake_prefix_path.dsv'
[0.466s] INFO:colcon.colcon_core.shell:Creating environment hook '/home/kunal-jazzy/ros2_four/install/four_wheel_description/share/four_wheel_description/hook/cmake_prefix_path.sh'
[0.467s] Level 1:colcon.colcon_core.environment:checking '/home/kunal-jazzy/ros2_four/install/four_wheel_description/bin'
[0.467s] Level 1:colcon.colcon_core.environment:checking '/home/kunal-jazzy/ros2_four/install/four_wheel_description/lib/pkgconfig/four_wheel_description.pc'
[0.467s] Level 1:colcon.colcon_core.environment:checking '/home/kunal-jazzy/ros2_four/install/four_wheel_description/lib/python3.12/site-packages'
[0.467s] Level 1:colcon.colcon_core.environment:checking '/home/kunal-jazzy/ros2_four/install/four_wheel_description/bin'
[0.467s] INFO:colcon.colcon_core.shell:Creating package script '/home/kunal-jazzy/ros2_four/install/four_wheel_description/share/four_wheel_description/package.ps1'
[0.468s] INFO:colcon.colcon_core.shell:Creating package descriptor '/home/kunal-jazzy/ros2_four/install/four_wheel_description/share/four_wheel_description/package.dsv'
[0.469s] INFO:colcon.colcon_core.shell:Creating package script '/home/kunal-jazzy/ros2_four/install/four_wheel_description/share/four_wheel_description/package.sh'
[0.470s] INFO:colcon.colcon_core.shell:Creating package script '/home/kunal-jazzy/ros2_four/install/four_wheel_description/share/four_wheel_description/package.bash'
[0.471s] INFO:colcon.colcon_core.shell:Creating package script '/home/kunal-jazzy/ros2_four/install/four_wheel_description/share/four_wheel_description/package.zsh'
[0.471s] Level 1:colcon.colcon_core.environment:create_file_with_runtime_dependencies(/home/kunal-jazzy/ros2_four/install/four_wheel_description/share/colcon-core/packages/four_wheel_description)
[0.472s] Level 1:colcon.colcon_core.environment:create_environment_scripts_only(four_wheel_description)
[0.472s] Level 1:colcon.colcon_core.environment:checking '/home/kunal-jazzy/ros2_four/install/four_wheel_description' for CMake module files
[0.472s] Level 1:colcon.colcon_core.environment:checking '/home/kunal-jazzy/ros2_four/install/four_wheel_description' for CMake config files
[0.472s] Level 1:colcon.colcon_core.shell:create_environment_hook('four_wheel_description', 'cmake_prefix_path')
[0.472s] INFO:colcon.colcon_core.shell:Creating environment hook '/home/kunal-jazzy/ros2_four/install/four_wheel_description/share/four_wheel_description/hook/cmake_prefix_path.ps1'
[0.473s] INFO:colcon.colcon_core.shell:Creating environment descriptor '/home/kunal-jazzy/ros2_four/install/four_wheel_description/share/four_wheel_description/hook/cmake_prefix_path.dsv'
[0.473s] INFO:colcon.colcon_core.shell:Creating environment hook '/home/kunal-jazzy/ros2_four/install/four_wheel_description/share/four_wheel_description/hook/cmake_prefix_path.sh'
[0.473s] Level 1:colcon.colcon_core.environment:checking '/home/kunal-jazzy/ros2_four/install/four_wheel_description/bin'
[0.473s] Level 1:colcon.colcon_core.environment:checking '/home/kunal-jazzy/ros2_four/install/four_wheel_description/lib/pkgconfig/four_wheel_description.pc'
[0.473s] Level 1:colcon.colcon_core.environment:checking '/home/kunal-jazzy/ros2_four/install/four_wheel_description/lib/python3.12/site-packages'
[0.474s] Level 1:colcon.colcon_core.environment:checking '/home/kunal-jazzy/ros2_four/install/four_wheel_description/bin'
[0.474s] INFO:colcon.colcon_core.shell:Creating package script '/home/kunal-jazzy/ros2_four/install/four_wheel_description/share/four_wheel_description/package.ps1'
[0.474s] INFO:colcon.colcon_core.shell:Creating package descriptor '/home/kunal-jazzy/ros2_four/install/four_wheel_description/share/four_wheel_description/package.dsv'
[0.474s] INFO:colcon.colcon_core.shell:Creating package script '/home/kunal-jazzy/ros2_four/install/four_wheel_description/share/four_wheel_description/package.sh'
[0.475s] INFO:colcon.colcon_core.shell:Creating package script '/home/kunal-jazzy/ros2_four/install/four_wheel_description/share/four_wheel_description/package.bash'
[0.475s] INFO:colcon.colcon_core.shell:Creating package script '/home/kunal-jazzy/ros2_four/install/four_wheel_description/share/four_wheel_description/package.zsh'
[0.475s] Level 1:colcon.colcon_core.environment:create_file_with_runtime_dependencies(/home/kunal-jazzy/ros2_four/install/four_wheel_description/share/colcon-core/packages/four_wheel_description)
[0.956s] DEBUG:colcon.colcon_core.event_handler.log_command:Invoking command in '/home/kunal-jazzy/ros2_four/src/four_control': DEBUGINFOD_URLS=https://debuginfod.ubuntu.com PYTHONPATH=/home/kunal-jazzy/ros2_four/build/four_control/prefix_override:/usr/lib/python3/dist-packages/colcon_core/task/python/colcon_distutils_commands:/home/kunal-jazzy/ros2_four/install/four_control/lib/python3.12/site-packages:${PYTHONPATH} /usr/bin/python3 -W ignore:setup.py install is deprecated -W ignore:easy_install command is deprecated setup.py egg_info --egg-base ../../build/four_control build --build-base /home/kunal-jazzy/ros2_four/build/four_control/build install --record /home/kunal-jazzy/ros2_four/build/four_control/install.log --single-version-externally-managed install_data
[1.313s] Level 1:colcon.colcon_core.environment:checking '/home/kunal-jazzy/ros2_four/install/four_control' for CMake module files
[1.313s] DEBUG:colcon.colcon_core.event_handler.log_command:Invoked command in '/home/kunal-jazzy/ros2_four/src/four_control' returned '0': DEBUGINFOD_URLS=https://debuginfod.ubuntu.com PYTHONPATH=/home/kunal-jazzy/ros2_four/build/four_control/prefix_override:/usr/lib/python3/dist-packages/colcon_core/task/python/colcon_distutils_commands:/home/kunal-jazzy/ros2_four/install/four_control/lib/python3.12/site-packages:${PYTHONPATH} /usr/bin/python3 -W ignore:setup.py install is deprecated -W ignore:easy_install command is deprecated setup.py egg_info --egg-base ../../build/four_control build --build-base /home/kunal-jazzy/ros2_four/build/four_control/build install --record /home/kunal-jazzy/ros2_four/build/four_control/install.log --single-version-externally-managed install_data
[1.314s] Level 1:colcon.colcon_core.environment:checking '/home/kunal-jazzy/ros2_four/install/four_control' for CMake config files
[1.314s] Level 1:colcon.colcon_core.environment:checking '/home/kunal-jazzy/ros2_four/install/four_control/lib'
[1.314s] Level 1:colcon.colcon_core.environment:checking '/home/kunal-jazzy/ros2_four/install/four_control/bin'
[1.314s] Level 1:colcon.colcon_core.environment:checking '/home/kunal-jazzy/ros2_four/install/four_control/lib/pkgconfig/four_control.pc'
[1.314s] Level 1:colcon.colcon_core.environment:checking '/home/kunal-jazzy/ros2_four/install/four_control/lib/python3.12/site-packages'
[1.314s] Level 1:colcon.colcon_core.shell:create_environment_hook('four_control', 'pythonpath')
[1.314s] INFO:colcon.colcon_core.shell:Creating environment hook '/home/kunal-jazzy/ros2_four/install/four_control/share/four_control/hook/pythonpath.ps1'
[1.315s] INFO:colcon.colcon_core.shell:Creating environment descriptor '/home/kunal-jazzy/ros2_four/install/four_control/share/four_control/hook/pythonpath.dsv'
[1.315s] INFO:colcon.colcon_core.shell:Creating environment hook '/home/kunal-jazzy/ros2_four/install/four_control/share/four_control/hook/pythonpath.sh'
[1.315s] Level 1:colcon.colcon_core.environment:checking '/home/kunal-jazzy/ros2_four/install/four_control/bin'
[1.315s] Level 1:colcon.colcon_core.environment:create_environment_scripts_only(four_control)
[1.315s] INFO:colcon.colcon_core.shell:Creating package script '/home/kunal-jazzy/ros2_four/install/four_control/share/four_control/package.ps1'
[1.316s] INFO:colcon.colcon_core.shell:Creating package descriptor '/home/kunal-jazzy/ros2_four/install/four_control/share/four_control/package.dsv'
[1.316s] INFO:colcon.colcon_core.shell:Creating package script '/home/kunal-jazzy/ros2_four/install/four_control/share/four_control/package.sh'
[1.316s] INFO:colcon.colcon_core.shell:Creating package script '/home/kunal-jazzy/ros2_four/install/four_control/share/four_control/package.bash'
[1.316s] INFO:colcon.colcon_core.shell:Creating package script '/home/kunal-jazzy/ros2_four/install/four_control/share/four_control/package.zsh'
[1.316s] Level 1:colcon.colcon_core.environment:create_file_with_runtime_dependencies(/home/kunal-jazzy/ros2_four/install/four_control/share/colcon-core/packages/four_control)
[1.317s] DEBUG:colcon.colcon_parallel_executor.executor.parallel:closing loop
[1.317s] DEBUG:colcon.colcon_parallel_executor.executor.parallel:loop closed
[1.317s] DEBUG:colcon.colcon_parallel_executor.executor.parallel:run_until_complete finished with '0'
[1.317s] DEBUG:colcon.colcon_core.event_reactor:joining thread
[1.324s] INFO:colcon.colcon_core.plugin_system:Skipping extension 'colcon_notification.desktop_notification.terminal_notifier': Not used on non-Darwin systems
[1.324s] INFO:colcon.colcon_core.plugin_system:Skipping extension 'colcon_notification.desktop_notification.win32': Not used on non-Windows systems
[1.324s] INFO:colcon.colcon_notification.desktop_notification:Sending desktop notification using 'notify2'
[1.333s] DEBUG:colcon.colcon_core.event_reactor:joined thread
[1.333s] INFO:colcon.colcon_core.shell:Creating prefix script '/home/kunal-jazzy/ros2_four/install/local_setup.ps1'
[1.334s] INFO:colcon.colcon_core.shell:Creating prefix util module '/home/kunal-jazzy/ros2_four/install/_local_setup_util_ps1.py'
[1.336s] INFO:colcon.colcon_core.shell:Creating prefix chain script '/home/kunal-jazzy/ros2_four/install/setup.ps1'
[1.337s] INFO:colcon.colcon_core.shell:Creating prefix script '/home/kunal-jazzy/ros2_four/install/local_setup.sh'
[1.338s] INFO:colcon.colcon_core.shell:Creating prefix util module '/home/kunal-jazzy/ros2_four/install/_local_setup_util_sh.py'
[1.339s] INFO:colcon.colcon_core.shell:Creating prefix chain script '/home/kunal-jazzy/ros2_four/install/setup.sh'
[1.340s] INFO:colcon.colcon_core.shell:Creating prefix script '/home/kunal-jazzy/ros2_four/install/local_setup.bash'
[1.341s] INFO:colcon.colcon_core.shell:Creating prefix chain script '/home/kunal-jazzy/ros2_four/install/setup.bash'
[1.342s] INFO:colcon.colcon_core.shell:Creating prefix script '/home/kunal-jazzy/ros2_four/install/local_setup.zsh'
[1.342s] INFO:colcon.colcon_core.shell:Creating prefix chain script '/home/kunal-jazzy/ros2_four/install/setup.zsh'
