[0.016s] Invoking command in '/home/kunal-jazzy/ros2_four/build/four_wheel_description': CMAKE_PREFIX_PATH=${CMAKE_PREFIX_PATH}:/opt/ros/jazzy DEBUGINFOD_URLS=https://debuginfod.ubuntu.com /usr/bin/cmake --build /home/kunal-jazzy/ros2_four/build/four_wheel_description -- -j12 -l12
[0.065s] -- Found ament_cmake: 2.5.4 (/opt/ros/jazzy/share/ament_cmake/cmake)
[0.424s] -- Found ament_lint_auto: 0.17.3 (/opt/ros/jazzy/share/ament_lint_auto/cmake)
[0.564s] -- Added test 'flake8' to check Python code syntax and style conventions
[0.564s] -- Configured 'flake8' exclude dirs and/or files: 
[0.567s] -- Added test 'lint_cmake' to check CMake code style
[0.567s] -- Added test 'pep257' to check Python code against some of the docstring style conventions in PEP 257
[0.569s] -- Added test 'xmllint' to check XML markup files
[0.571s] -- Configuring done (0.5s)
[0.578s] -- Generating done (0.0s)
[0.580s] -- Build files have been written to: /home/kunal-jazzy/ros2_four/build/four_wheel_description
[0.612s] Invoked command in '/home/kunal-jazzy/ros2_four/build/four_wheel_description' returned '0': CMAKE_PREFIX_PATH=${CMAKE_PREFIX_PATH}:/opt/ros/jazzy DEBUGINFOD_URLS=https://debuginfod.ubuntu.com /usr/bin/cmake --build /home/kunal-jazzy/ros2_four/build/four_wheel_description -- -j12 -l12
[0.627s] Invoking command in '/home/kunal-jazzy/ros2_four/build/four_wheel_description': CMAKE_PREFIX_PATH=${CMAKE_PREFIX_PATH}:/opt/ros/jazzy DEBUGINFOD_URLS=https://debuginfod.ubuntu.com /usr/bin/cmake --install /home/kunal-jazzy/ros2_four/build/four_wheel_description
[0.640s] -- Install configuration: ""
[0.640s] -- Installing: /home/kunal-jazzy/ros2_four/install/four_wheel_description/share/four_wheel_description/launch
[0.640s] -- Installing: /home/kunal-jazzy/ros2_four/install/four_wheel_description/share/four_wheel_description/launch/rover.launch.py
[0.640s] -- Installing: /home/kunal-jazzy/ros2_four/install/four_wheel_description/share/four_wheel_description/model
[0.640s] -- Installing: /home/kunal-jazzy/ros2_four/install/four_wheel_description/share/four_wheel_description/model/four_rover_main.xacro
[0.640s] -- Installing: /home/kunal-jazzy/ros2_four/install/four_wheel_description/share/four_wheel_description/model/four_rover_main.gazebo.xacro
[0.640s] -- Installing: /home/kunal-jazzy/ros2_four/install/four_wheel_description/share/four_wheel_description/parameters
[0.641s] -- Installing: /home/kunal-jazzy/ros2_four/install/four_wheel_description/share/four_wheel_description/parameters/bridge_parameters.yaml
[0.641s] -- Installing: /home/kunal-jazzy/ros2_four/install/four_wheel_description/share/ament_index/resource_index/package_run_dependencies/four_wheel_description
[0.641s] -- Up-to-date: /home/kunal-jazzy/ros2_four/install/four_wheel_description/share/ament_index/resource_index/parent_prefix_path/four_wheel_description
[0.641s] -- Up-to-date: /home/kunal-jazzy/ros2_four/install/four_wheel_description/share/four_wheel_description/environment/ament_prefix_path.sh
[0.641s] -- Up-to-date: /home/kunal-jazzy/ros2_four/install/four_wheel_description/share/four_wheel_description/environment/ament_prefix_path.dsv
[0.641s] -- Up-to-date: /home/kunal-jazzy/ros2_four/install/four_wheel_description/share/four_wheel_description/environment/path.sh
[0.641s] -- Up-to-date: /home/kunal-jazzy/ros2_four/install/four_wheel_description/share/four_wheel_description/environment/path.dsv
[0.641s] -- Up-to-date: /home/kunal-jazzy/ros2_four/install/four_wheel_description/share/four_wheel_description/local_setup.bash
[0.641s] -- Up-to-date: /home/kunal-jazzy/ros2_four/install/four_wheel_description/share/four_wheel_description/local_setup.sh
[0.641s] -- Up-to-date: /home/kunal-jazzy/ros2_four/install/four_wheel_description/share/four_wheel_description/local_setup.zsh
[0.641s] -- Up-to-date: /home/kunal-jazzy/ros2_four/install/four_wheel_description/share/four_wheel_description/local_setup.dsv
[0.642s] -- Up-to-date: /home/kunal-jazzy/ros2_four/install/four_wheel_description/share/four_wheel_description/package.dsv
[0.642s] -- Up-to-date: /home/kunal-jazzy/ros2_four/install/four_wheel_description/share/ament_index/resource_index/packages/four_wheel_description
[0.642s] -- Up-to-date: /home/kunal-jazzy/ros2_four/install/four_wheel_description/share/four_wheel_description/cmake/four_wheel_descriptionConfig.cmake
[0.642s] -- Up-to-date: /home/kunal-jazzy/ros2_four/install/four_wheel_description/share/four_wheel_description/cmake/four_wheel_descriptionConfig-version.cmake
[0.642s] -- Installing: /home/kunal-jazzy/ros2_four/install/four_wheel_description/share/four_wheel_description/package.xml
[0.643s] Invoked command in '/home/kunal-jazzy/ros2_four/build/four_wheel_description' returned '0': CMAKE_PREFIX_PATH=${CMAKE_PREFIX_PATH}:/opt/ros/jazzy DEBUGINFOD_URLS=https://debuginfod.ubuntu.com /usr/bin/cmake --install /home/kunal-jazzy/ros2_four/build/four_wheel_description
