[0.554s] Invoking command in '/home/kunal-jazzy/ros2_four/src/four_control': DEBUGINFOD_URLS=https://debuginfod.ubuntu.com PYTHONPATH=/home/kunal-jazzy/ros2_four/build/four_control/prefix_override:/usr/lib/python3/dist-packages/colcon_core/task/python/colcon_distutils_commands:/home/kunal-jazzy/ros2_four/install/four_control/lib/python3.12/site-packages:${PYTHONPATH} /usr/bin/python3 -W ignore:setup.py install is deprecated -W ignore:easy_install command is deprecated setup.py egg_info --egg-base ../../build/four_control build --build-base /home/kunal-jazzy/ros2_four/build/four_control/build install --record /home/kunal-jazzy/ros2_four/build/four_control/install.log --single-version-externally-managed install_data
[0.736s] running egg_info
[0.748s] writing ../../build/four_control/four_control.egg-info/PKG-INFO
[0.748s] writing dependency_links to ../../build/four_control/four_control.egg-info/dependency_links.txt
[0.748s] writing entry points to ../../build/four_control/four_control.egg-info/entry_points.txt
[0.748s] writing requirements to ../../build/four_control/four_control.egg-info/requires.txt
[0.748s] writing top-level names to ../../build/four_control/four_control.egg-info/top_level.txt
[0.774s] reading manifest file '../../build/four_control/four_control.egg-info/SOURCES.txt'
[0.775s] writing manifest file '../../build/four_control/four_control.egg-info/SOURCES.txt'
[0.775s] running build
[0.775s] running build_py
[0.775s] copying four_control/visualization_node.py -> /home/kunal-jazzy/ros2_four/build/four_control/build/lib/four_control
[0.775s] running install
[0.779s] running install_lib
[0.792s] copying /home/kunal-jazzy/ros2_four/build/four_control/build/lib/four_control/visualization_node.py -> /home/kunal-jazzy/ros2_four/install/four_control/lib/python3.12/site-packages/four_control
[0.792s] byte-compiling /home/kunal-jazzy/ros2_four/install/four_control/lib/python3.12/site-packages/four_control/visualization_node.py to visualization_node.cpython-312.pyc
[0.793s] running install_data
[0.793s] running install_egg_info
[0.807s] removing '/home/kunal-jazzy/ros2_four/install/four_control/lib/python3.12/site-packages/four_control-0.0.0-py3.12.egg-info' (and everything under it)
[0.807s] Copying ../../build/four_control/four_control.egg-info to /home/kunal-jazzy/ros2_four/install/four_control/lib/python3.12/site-packages/four_control-0.0.0-py3.12.egg-info
[0.807s] running install_scripts
[0.893s] Installing visualization_node script to /home/kunal-jazzy/ros2_four/install/four_control/lib/four_control
[0.893s] writing list of installed files to '/home/kunal-jazzy/ros2_four/build/four_control/install.log'
[0.915s] Invoked command in '/home/kunal-jazzy/ros2_four/src/four_control' returned '0': DEBUGINFOD_URLS=https://debuginfod.ubuntu.com PYTHONPATH=/home/kunal-jazzy/ros2_four/build/four_control/prefix_override:/usr/lib/python3/dist-packages/colcon_core/task/python/colcon_distutils_commands:/home/kunal-jazzy/ros2_four/install/four_control/lib/python3.12/site-packages:${PYTHONPATH} /usr/bin/python3 -W ignore:setup.py install is deprecated -W ignore:easy_install command is deprecated setup.py egg_info --egg-base ../../build/four_control build --build-base /home/kunal-jazzy/ros2_four/build/four_control/build install --record /home/kunal-jazzy/ros2_four/build/four_control/install.log --single-version-externally-managed install_data
